app/build/intermediates/manifest_merge_blame_file/debug/processDebugMainManifest/manifest-merger-blame-debug-report.txt
1<?xml version="1.0" encoding="utf-8"?>
2<manifest xmlns:android="http://schemas.android.com/apk/res/android"
3    package="com.example.myapplication2222"
4    android:versionCode="1"
5    android:versionName="1.0" >
6
7    <uses-sdk
8        android:minSdkVersion="24"
9        android:targetSdkVersion="34" />
10
11    <!-- 필요한 권한 추가 -->
12    <uses-permission android:name="android.permission.ACCESS_FINE_LOCATION" />
12-->src\main\AndroidManifest.xml:5:5-79
12-->src\main\AndroidManifest.xml:5:22-76
13    <uses-permission android:name="android.permission.ACCESS_COARSE_LOCATION" />
13-->src\main\AndroidManifest.xml:6:5-81
13-->src\main\AndroidManifest.xml:6:22-78
14    <uses-permission
14-->src\main\AndroidManifest.xml:7:5-68
15        android:name="android.permission.BLUETOOTH"
15-->src\main\AndroidManifest.xml:7:22-65
16        android:required="false" />
16-->[org.altbeacon:android-beacon-library:2.20.6] AndroidManifest.xml:9:9-33
17    <uses-permission
17-->src\main\AndroidManifest.xml:8:5-74
18        android:name="android.permission.BLUETOOTH_ADMIN"
18-->src\main\AndroidManifest.xml:8:22-71
19        android:required="false" />
19-->[org.altbeacon:android-beacon-library:2.20.6] AndroidManifest.xml:12:9-33
20    <uses-permission android:name="android.permission.CAMERA" />
20-->src\main\AndroidManifest.xml:9:5-65
20-->src\main\AndroidManifest.xml:9:22-62
21    <uses-permission android:name="android.permission.WRITE_EXTERNAL_STORAGE" />
21-->src\main\AndroidManifest.xml:10:5-81
21-->src\main\AndroidManifest.xml:10:22-78
22    <uses-permission android:name="android.permission.READ_EXTERNAL_STORAGE" />
22-->src\main\AndroidManifest.xml:11:5-80
22-->src\main\AndroidManifest.xml:11:22-77
23
24    <uses-feature
24-->src\main\AndroidManifest.xml:12:5-84
25        android:name="android.hardware.camera"
25-->src\main\AndroidManifest.xml:12:19-57
26        android:required="true" />
26-->src\main\AndroidManifest.xml:12:58-81
27    <uses-feature
27-->src\main\AndroidManifest.xml:13:5-95
28        android:name="android.hardware.camera.autofocus"
28-->src\main\AndroidManifest.xml:13:19-67
29        android:required="false" />
29-->src\main\AndroidManifest.xml:13:68-92
30
31    <!-- 블루투스 LE 기능을 사용하는 경우 명시 -->
32    <uses-feature
32-->src\main\AndroidManifest.xml:16:5-90
33        android:name="android.hardware.bluetooth_le"
33-->src\main\AndroidManifest.xml:16:19-63
34        android:required="true" />
34-->src\main\AndroidManifest.xml:16:64-87
35
36    <uses-permission android:name="android.permission.INTERNET" />
36-->[com.google.firebase:firebase-auth:23.0.0] AndroidManifest.xml:25:5-67
36-->[com.google.firebase:firebase-auth:23.0.0] AndroidManifest.xml:25:22-64
37    <uses-permission android:name="android.permission.ACCESS_NETWORK_STATE" />
37-->[com.google.firebase:firebase-auth:23.0.0] AndroidManifest.xml:26:5-79
37-->[com.google.firebase:firebase-auth:23.0.0] AndroidManifest.xml:26:22-76
38    <uses-permission android:name="android.permission.FOREGROUND_SERVICE_LOCATION" />
38-->[org.altbeacon:android-beacon-library:2.20.6] AndroidManifest.xml:13:5-86
38-->[org.altbeacon:android-beacon-library:2.20.6] AndroidManifest.xml:13:22-83
39    <uses-permission android:name="android.permission.RECEIVE_BOOT_COMPLETED" />
39-->[org.altbeacon:android-beacon-library:2.20.6] AndroidManifest.xml:14:5-81
39-->[org.altbeacon:android-beacon-library:2.20.6] AndroidManifest.xml:14:22-78
40    <uses-permission android:name="android.permission.WAKE_LOCK" />
40-->[com.google.android.gms:play-services-measurement:22.0.2] AndroidManifest.xml:25:5-68
40-->[com.google.android.gms:play-services-measurement:22.0.2] AndroidManifest.xml:25:22-65
41    <uses-permission android:name="com.google.android.finsky.permission.BIND_GET_INSTALL_REFERRER_SERVICE" />
41-->[com.google.android.gms:play-services-measurement:22.0.2] AndroidManifest.xml:26:5-110
41-->[com.google.android.gms:play-services-measurement:22.0.2] AndroidManifest.xml:26:22-107
42    <uses-permission android:name="com.google.android.gms.permission.AD_ID" />
42-->[com.google.android.gms:play-services-measurement-api:22.0.2] AndroidManifest.xml:25:5-79
42-->[com.google.android.gms:play-services-measurement-api:22.0.2] AndroidManifest.xml:25:22-76
43    <uses-permission android:name="android.permission.ACCESS_ADSERVICES_ATTRIBUTION" />
43-->[com.google.android.gms:play-services-measurement-api:22.0.2] AndroidManifest.xml:26:5-88
43-->[com.google.android.gms:play-services-measurement-api:22.0.2] AndroidManifest.xml:26:22-85
44    <uses-permission android:name="android.permission.ACCESS_ADSERVICES_AD_ID" />
44-->[com.google.android.gms:play-services-measurement-api:22.0.2] AndroidManifest.xml:27:5-82
44-->[com.google.android.gms:play-services-measurement-api:22.0.2] AndroidManifest.xml:27:22-79
45    <uses-permission android:name="com.google.android.providers.gsf.permission.READ_GSERVICES" />
45-->[com.google.android.recaptcha:recaptcha:18.4.0] AndroidManifest.xml:9:5-98
45-->[com.google.android.recaptcha:recaptcha:18.4.0] AndroidManifest.xml:9:22-95
46
47    <permission
47-->[androidx.core:core:1.13.0] AndroidManifest.xml:22:5-24:47
48        android:name="com.example.myapplication2222.DYNAMIC_RECEIVER_NOT_EXPORTED_PERMISSION"
48-->[androidx.core:core:1.13.0] AndroidManifest.xml:23:9-81
49        android:protectionLevel="signature" />
49-->[androidx.core:core:1.13.0] AndroidManifest.xml:24:9-44
50
51    <uses-permission android:name="com.example.myapplication2222.DYNAMIC_RECEIVER_NOT_EXPORTED_PERMISSION" />
51-->[androidx.core:core:1.13.0] AndroidManifest.xml:26:5-97
51-->[androidx.core:core:1.13.0] AndroidManifest.xml:26:22-94
52
53    <application
53-->src\main\AndroidManifest.xml:18:5-55:19
54        android:name="com.example.myapplication2222.MyApplication"
54-->src\main\AndroidManifest.xml:19:9-38
55        android:allowBackup="true"
55-->src\main\AndroidManifest.xml:20:9-35
56        android:appComponentFactory="androidx.core.app.CoreComponentFactory"
56-->[androidx.core:core:1.13.0] AndroidManifest.xml:28:18-86
57        android:dataExtractionRules="@xml/data_extraction_rules"
57-->src\main\AndroidManifest.xml:21:9-65
58        android:debuggable="true"
59        android:extractNativeLibs="false"
60        android:fullBackupContent="@xml/backup_rules"
60-->src\main\AndroidManifest.xml:22:9-54
61        android:icon="@mipmap/ic_launcher"
61-->src\main\AndroidManifest.xml:23:9-43
62        android:label="@string/app_name"
62-->src\main\AndroidManifest.xml:24:9-41
63        android:roundIcon="@mipmap/ic_launcher_round"
63-->src\main\AndroidManifest.xml:25:9-54
64        android:supportsRtl="true"
64-->src\main\AndroidManifest.xml:26:9-35
65        android:testOnly="true"
66        android:theme="@style/Theme.MyApplication2222" >
66-->src\main\AndroidManifest.xml:27:9-55
67        <activity
67-->src\main\AndroidManifest.xml:30:9-37:20
68            android:name="com.example.myapplication2222.MainActivity"
68-->src\main\AndroidManifest.xml:31:13-41
69            android:exported="true" >
69-->src\main\AndroidManifest.xml:32:13-36
70            <intent-filter>
70-->src\main\AndroidManifest.xml:33:13-36:29
71                <action android:name="android.intent.action.MAIN" />
71-->src\main\AndroidManifest.xml:34:17-69
71-->src\main\AndroidManifest.xml:34:25-66
72
73                <category android:name="android.intent.category.LAUNCHER" />
73-->src\main\AndroidManifest.xml:35:17-77
73-->src\main\AndroidManifest.xml:35:27-74
74            </intent-filter>
75        </activity>
76
77        <!-- 나머지 활동들 등록 -->
78        <activity android:name="com.example.myapplication2222.MapActivity" />
78-->src\main\AndroidManifest.xml:40:9-49
78-->src\main\AndroidManifest.xml:40:19-46
79        <activity android:name="com.example.myapplication2222.CartActivity" />
79-->src\main\AndroidManifest.xml:41:9-50
79-->src\main\AndroidManifest.xml:41:19-47
80        <activity android:name="com.example.myapplication2222.OcrActivity" />
80-->src\main\AndroidManifest.xml:42:9-49
80-->src\main\AndroidManifest.xml:42:19-46
81        <activity android:name="com.example.myapplication2222.OrderSummaryActivity" />
81-->src\main\AndroidManifest.xml:43:9-58
81-->src\main\AndroidManifest.xml:43:19-55
82        <activity android:name="com.example.myapplication2222.PaymentSuccessActivity" />
82-->src\main\AndroidManifest.xml:44:9-60
82-->src\main\AndroidManifest.xml:44:19-57
83        <activity android:name="com.example.myapplication2222.InventoryActivity" />
83-->src\main\AndroidManifest.xml:45:9-55
83-->src\main\AndroidManifest.xml:45:19-52
84
85        <meta-data
85-->src\main\AndroidManifest.xml:46:9-48:35
86            android:name="com.google.firebase.ml.vision.DEPENDENCIES"
86-->src\main\AndroidManifest.xml:47:13-70
87            android:value="ocr" />
87-->src\main\AndroidManifest.xml:48:13-32
88        <!-- To use multiple models: android:value="ocr,model2,model3" -->
89        <!-- BeaconService 명시적 선언 추가 -->
90        <service
90-->src\main\AndroidManifest.xml:51:9-54:33
91            android:name="org.altbeacon.beacon.service.BeaconService"
91-->src\main\AndroidManifest.xml:52:13-70
92            android:enabled="true"
92-->[org.altbeacon:android-beacon-library:2.20.6] AndroidManifest.xml:30:13-35
93            android:exported="false"
93-->src\main\AndroidManifest.xml:53:13-37
94            android:foregroundServiceType="location"
94-->[org.altbeacon:android-beacon-library:2.20.6] AndroidManifest.xml:32:13-53
95            android:isolatedProcess="false"
95-->[org.altbeacon:android-beacon-library:2.20.6] AndroidManifest.xml:33:13-44
96            android:label="beacon" />
96-->[org.altbeacon:android-beacon-library:2.20.6] AndroidManifest.xml:34:13-35
97
98        <activity
98-->[com.google.firebase:firebase-auth:23.0.0] AndroidManifest.xml:29:9-46:20
99            android:name="com.google.firebase.auth.internal.GenericIdpActivity"
99-->[com.google.firebase:firebase-auth:23.0.0] AndroidManifest.xml:30:13-80
100            android:excludeFromRecents="true"
100-->[com.google.firebase:firebase-auth:23.0.0] AndroidManifest.xml:31:13-46
101            android:exported="true"
101-->[com.google.firebase:firebase-auth:23.0.0] AndroidManifest.xml:32:13-36
102            android:launchMode="singleTask"
102-->[com.google.firebase:firebase-auth:23.0.0] AndroidManifest.xml:33:13-44
103            android:theme="@android:style/Theme.Translucent.NoTitleBar" >
103-->[com.google.firebase:firebase-auth:23.0.0] AndroidManifest.xml:34:13-72
104            <intent-filter>
104-->[com.google.firebase:firebase-auth:23.0.0] AndroidManifest.xml:35:13-45:29
105                <action android:name="android.intent.action.VIEW" />
105-->[com.google.firebase:firebase-auth:23.0.0] AndroidManifest.xml:36:17-69
105-->[com.google.firebase:firebase-auth:23.0.0] AndroidManifest.xml:36:25-66
106
107                <category android:name="android.intent.category.DEFAULT" />
107-->[com.google.firebase:firebase-auth:23.0.0] AndroidManifest.xml:38:17-76
107-->[com.google.firebase:firebase-auth:23.0.0] AndroidManifest.xml:38:27-73
108                <category android:name="android.intent.category.BROWSABLE" />
108-->[com.google.firebase:firebase-auth:23.0.0] AndroidManifest.xml:39:17-78
108-->[com.google.firebase:firebase-auth:23.0.0] AndroidManifest.xml:39:27-75
109
110                <data
110-->[com.google.firebase:firebase-auth:23.0.0] AndroidManifest.xml:41:17-44:51
111                    android:host="firebase.auth"
111-->[com.google.firebase:firebase-auth:23.0.0] AndroidManifest.xml:42:21-49
112                    android:path="/"
112-->[com.google.firebase:firebase-auth:23.0.0] AndroidManifest.xml:43:21-37
113                    android:scheme="genericidp" />
113-->[com.google.firebase:firebase-auth:23.0.0] AndroidManifest.xml:44:21-48
114            </intent-filter>
115        </activity>
116        <activity
116-->[com.google.firebase:firebase-auth:23.0.0] AndroidManifest.xml:47:9-64:20
117            android:name="com.google.firebase.auth.internal.RecaptchaActivity"
117-->[com.google.firebase:firebase-auth:23.0.0] AndroidManifest.xml:48:13-79
118            android:excludeFromRecents="true"
118-->[com.google.firebase:firebase-auth:23.0.0] AndroidManifest.xml:49:13-46
119            android:exported="true"
119-->[com.google.firebase:firebase-auth:23.0.0] AndroidManifest.xml:50:13-36
120            android:launchMode="singleTask"
120-->[com.google.firebase:firebase-auth:23.0.0] AndroidManifest.xml:51:13-44
121            android:theme="@android:style/Theme.Translucent.NoTitleBar" >
121-->[com.google.firebase:firebase-auth:23.0.0] AndroidManifest.xml:52:13-72
122            <intent-filter>
122-->[com.google.firebase:firebase-auth:23.0.0] AndroidManifest.xml:53:13-63:29
123                <action android:name="android.intent.action.VIEW" />
123-->[com.google.firebase:firebase-auth:23.0.0] AndroidManifest.xml:36:17-69
123-->[com.google.firebase:firebase-auth:23.0.0] AndroidManifest.xml:36:25-66
124
125                <category android:name="android.intent.category.DEFAULT" />
125-->[com.google.firebase:firebase-auth:23.0.0] AndroidManifest.xml:38:17-76
125-->[com.google.firebase:firebase-auth:23.0.0] AndroidManifest.xml:38:27-73
126                <category android:name="android.intent.category.BROWSABLE" />
126-->[com.google.firebase:firebase-auth:23.0.0] AndroidManifest.xml:39:17-78
126-->[com.google.firebase:firebase-auth:23.0.0] AndroidManifest.xml:39:27-75
127
128                <data
128-->[com.google.firebase:firebase-auth:23.0.0] AndroidManifest.xml:41:17-44:51
129                    android:host="firebase.auth"
129-->[com.google.firebase:firebase-auth:23.0.0] AndroidManifest.xml:42:21-49
130                    android:path="/"
130-->[com.google.firebase:firebase-auth:23.0.0] AndroidManifest.xml:43:21-37
131                    android:scheme="recaptcha" />
131-->[com.google.firebase:firebase-auth:23.0.0] AndroidManifest.xml:44:21-48
132            </intent-filter>
133        </activity>
134
135        <service
135-->[com.google.firebase:firebase-auth:23.0.0] AndroidManifest.xml:66:9-72:19
136            android:name="com.google.firebase.components.ComponentDiscoveryService"
136-->[com.google.firebase:firebase-auth:23.0.0] AndroidManifest.xml:67:13-84
137            android:directBootAware="true"
137-->[com.google.firebase:firebase-common:21.0.0] AndroidManifest.xml:32:13-43
138            android:exported="false" >
138-->[com.google.firebase:firebase-auth:23.0.0] AndroidManifest.xml:68:13-37
139            <meta-data
139-->[com.google.firebase:firebase-auth:23.0.0] AndroidManifest.xml:69:13-71:85
140                android:name="com.google.firebase.components:com.google.firebase.auth.FirebaseAuthRegistrar"
140-->[com.google.firebase:firebase-auth:23.0.0] AndroidManifest.xml:70:17-109
141                android:value="com.google.firebase.components.ComponentRegistrar" />
141-->[com.google.firebase:firebase-auth:23.0.0] AndroidManifest.xml:71:17-82
142            <meta-data
142-->[com.google.firebase:firebase-firestore:25.0.0] AndroidManifest.xml:17:13-19:85
143                android:name="com.google.firebase.components:com.google.firebase.firestore.FirebaseFirestoreKtxRegistrar"
143-->[com.google.firebase:firebase-firestore:25.0.0] AndroidManifest.xml:18:17-122
144                android:value="com.google.firebase.components.ComponentRegistrar" />
144-->[com.google.firebase:firebase-firestore:25.0.0] AndroidManifest.xml:19:17-82
145            <meta-data
145-->[com.google.firebase:firebase-firestore:25.0.0] AndroidManifest.xml:20:13-22:85
146                android:name="com.google.firebase.components:com.google.firebase.firestore.FirestoreRegistrar"
146-->[com.google.firebase:firebase-firestore:25.0.0] AndroidManifest.xml:21:17-111
147                android:value="com.google.firebase.components.ComponentRegistrar" />
147-->[com.google.firebase:firebase-firestore:25.0.0] AndroidManifest.xml:22:17-82
148            <meta-data
148-->[com.google.android.gms:play-services-measurement-api:22.0.2] AndroidManifest.xml:37:13-39:85
149                android:name="com.google.firebase.components:com.google.firebase.analytics.connector.internal.AnalyticsConnectorRegistrar"
149-->[com.google.android.gms:play-services-measurement-api:22.0.2] AndroidManifest.xml:38:17-139
150                android:value="com.google.firebase.components.ComponentRegistrar" />
150-->[com.google.android.gms:play-services-measurement-api:22.0.2] AndroidManifest.xml:39:17-82
151            <meta-data
151-->[com.google.firebase:firebase-installations:18.0.0] AndroidManifest.xml:15:13-17:85
152                android:name="com.google.firebase.components:com.google.firebase.installations.FirebaseInstallationsKtxRegistrar"
152-->[com.google.firebase:firebase-installations:18.0.0] AndroidManifest.xml:16:17-130
153                android:value="com.google.firebase.components.ComponentRegistrar" />
153-->[com.google.firebase:firebase-installations:18.0.0] AndroidManifest.xml:17:17-82
154            <meta-data
154-->[com.google.firebase:firebase-installations:18.0.0] AndroidManifest.xml:18:13-20:85
155                android:name="com.google.firebase.components:com.google.firebase.installations.FirebaseInstallationsRegistrar"
155-->[com.google.firebase:firebase-installations:18.0.0] AndroidManifest.xml:19:17-127
156                android:value="com.google.firebase.components.ComponentRegistrar" />
156-->[com.google.firebase:firebase-installations:18.0.0] AndroidManifest.xml:20:17-82
157            <meta-data
157-->[com.google.firebase:firebase-common-ktx:21.0.0] AndroidManifest.xml:12:13-14:85
158                android:name="com.google.firebase.components:com.google.firebase.ktx.FirebaseCommonLegacyRegistrar"
158-->[com.google.firebase:firebase-common-ktx:21.0.0] AndroidManifest.xml:13:17-116
159                android:value="com.google.firebase.components.ComponentRegistrar" />
159-->[com.google.firebase:firebase-common-ktx:21.0.0] AndroidManifest.xml:14:17-82
160            <meta-data
160-->[com.google.firebase:firebase-common:21.0.0] AndroidManifest.xml:35:13-37:85
161                android:name="com.google.firebase.components:com.google.firebase.FirebaseCommonKtxRegistrar"
161-->[com.google.firebase:firebase-common:21.0.0] AndroidManifest.xml:36:17-109
162                android:value="com.google.firebase.components.ComponentRegistrar" />
162-->[com.google.firebase:firebase-common:21.0.0] AndroidManifest.xml:37:17-82
163        </service>
164
165        <receiver
165-->[org.altbeacon:android-beacon-library:2.20.6] AndroidManifest.xml:18:9-26:20
166            android:name="org.altbeacon.beacon.startup.StartupBroadcastReceiver"
166-->[org.altbeacon:android-beacon-library:2.20.6] AndroidManifest.xml:19:13-81
167            android:exported="false" >
167-->[org.altbeacon:android-beacon-library:2.20.6] AndroidManifest.xml:20:13-37
168            <intent-filter>
168-->[org.altbeacon:android-beacon-library:2.20.6] AndroidManifest.xml:21:13-25:29
169                <action android:name="android.intent.action.BOOT_COMPLETED" />
169-->[org.altbeacon:android-beacon-library:2.20.6] AndroidManifest.xml:22:17-79
169-->[org.altbeacon:android-beacon-library:2.20.6] AndroidManifest.xml:22:25-76
170                <action android:name="android.intent.action.ACTION_POWER_CONNECTED" />
170-->[org.altbeacon:android-beacon-library:2.20.6] AndroidManifest.xml:23:17-87
170-->[org.altbeacon:android-beacon-library:2.20.6] AndroidManifest.xml:23:25-84
171                <action android:name="android.intent.action.ACTION_POWER_DISCONNECTED" />
171-->[org.altbeacon:android-beacon-library:2.20.6] AndroidManifest.xml:24:17-90
171-->[org.altbeacon:android-beacon-library:2.20.6] AndroidManifest.xml:24:25-87
172            </intent-filter>
173        </receiver>
174
175        <service
175-->[org.altbeacon:android-beacon-library:2.20.6] AndroidManifest.xml:35:9-38:40
176            android:name="org.altbeacon.beacon.BeaconIntentProcessor"
176-->[org.altbeacon:android-beacon-library:2.20.6] AndroidManifest.xml:36:13-70
177            android:enabled="true"
177-->[org.altbeacon:android-beacon-library:2.20.6] AndroidManifest.xml:37:13-35
178            android:exported="false" />
178-->[org.altbeacon:android-beacon-library:2.20.6] AndroidManifest.xml:38:13-37
179        <service
179-->[org.altbeacon:android-beacon-library:2.20.6] AndroidManifest.xml:39:9-49:19
180            android:name="org.altbeacon.beacon.service.ScanJob"
180-->[org.altbeacon:android-beacon-library:2.20.6] AndroidManifest.xml:40:13-64
181            android:exported="false"
181-->[org.altbeacon:android-beacon-library:2.20.6] AndroidManifest.xml:41:13-37
182            android:permission="android.permission.BIND_JOB_SERVICE" >
182-->[org.altbeacon:android-beacon-library:2.20.6] AndroidManifest.xml:42:13-69
183            <meta-data
183-->[org.altbeacon:android-beacon-library:2.20.6] AndroidManifest.xml:43:13-45:45
184                android:name="immediateScanJobId"
184-->[org.altbeacon:android-beacon-library:2.20.6] AndroidManifest.xml:44:17-50
185                android:value="208352939" />
185-->[org.altbeacon:android-beacon-library:2.20.6] AndroidManifest.xml:45:17-42
186            <meta-data
186-->[org.altbeacon:android-beacon-library:2.20.6] AndroidManifest.xml:46:13-48:45
187                android:name="periodicScanJobId"
187-->[org.altbeacon:android-beacon-library:2.20.6] AndroidManifest.xml:47:17-49
188                android:value="208352940" />
188-->[org.altbeacon:android-beacon-library:2.20.6] AndroidManifest.xml:48:17-42
189        </service>
190        <service
190-->[org.altbeacon:android-beacon-library:2.20.6] AndroidManifest.xml:50:9-57:19
191            android:name="org.altbeacon.bluetooth.BluetoothTestJob"
191-->[org.altbeacon:android-beacon-library:2.20.6] AndroidManifest.xml:51:13-68
192            android:exported="false"
192-->[org.altbeacon:android-beacon-library:2.20.6] AndroidManifest.xml:52:13-37
193            android:permission="android.permission.BIND_JOB_SERVICE" >
193-->[org.altbeacon:android-beacon-library:2.20.6] AndroidManifest.xml:53:13-69
194            <meta-data
194-->[org.altbeacon:android-beacon-library:2.20.6] AndroidManifest.xml:54:13-56:46
195                android:name="jobId"
195-->[org.altbeacon:android-beacon-library:2.20.6] AndroidManifest.xml:55:17-37
196                android:value="1799803768" />
196-->[org.altbeacon:android-beacon-library:2.20.6] AndroidManifest.xml:56:17-43
197        </service>
198        <service
198-->[androidx.camera:camera-camera2:1.3.4] AndroidManifest.xml:24:9-33:19
199            android:name="androidx.camera.core.impl.MetadataHolderService"
199-->[androidx.camera:camera-camera2:1.3.4] AndroidManifest.xml:25:13-75
200            android:enabled="false"
200-->[androidx.camera:camera-camera2:1.3.4] AndroidManifest.xml:26:13-36
201            android:exported="false" >
201-->[androidx.camera:camera-camera2:1.3.4] AndroidManifest.xml:27:13-37
202            <meta-data
202-->[androidx.camera:camera-camera2:1.3.4] AndroidManifest.xml:30:13-32:89
203                android:name="androidx.camera.core.impl.MetadataHolderService.DEFAULT_CONFIG_PROVIDER"
203-->[androidx.camera:camera-camera2:1.3.4] AndroidManifest.xml:31:17-103
204                android:value="androidx.camera.camera2.Camera2Config$DefaultProvider" />
204-->[androidx.camera:camera-camera2:1.3.4] AndroidManifest.xml:32:17-86
205        </service>
206        <service
206-->[com.google.android.gms:play-services-mlkit-text-recognition-common:19.1.0] AndroidManifest.xml:9:9-15:19
207            android:name="com.google.mlkit.common.internal.MlKitComponentDiscoveryService"
207-->[com.google.android.gms:play-services-mlkit-text-recognition-common:19.1.0] AndroidManifest.xml:10:13-91
208            android:directBootAware="true"
208-->[com.google.mlkit:common:18.11.0] AndroidManifest.xml:17:13-43
209            android:exported="false" >
209-->[com.google.android.gms:play-services-mlkit-text-recognition-common:19.1.0] AndroidManifest.xml:11:13-37
210            <meta-data
210-->[com.google.android.gms:play-services-mlkit-text-recognition-common:19.1.0] AndroidManifest.xml:12:13-14:85
211                android:name="com.google.firebase.components:com.google.mlkit.vision.text.internal.TextRegistrar"
211-->[com.google.android.gms:play-services-mlkit-text-recognition-common:19.1.0] AndroidManifest.xml:13:17-114
212                android:value="com.google.firebase.components.ComponentRegistrar" />
212-->[com.google.android.gms:play-services-mlkit-text-recognition-common:19.1.0] AndroidManifest.xml:14:17-82
213            <meta-data
213-->[com.google.mlkit:vision-common:17.3.0] AndroidManifest.xml:12:13-14:85
214                android:name="com.google.firebase.components:com.google.mlkit.vision.common.internal.VisionCommonRegistrar"
214-->[com.google.mlkit:vision-common:17.3.0] AndroidManifest.xml:13:17-124
215                android:value="com.google.firebase.components.ComponentRegistrar" />
215-->[com.google.mlkit:vision-common:17.3.0] AndroidManifest.xml:14:17-82
216            <meta-data
216-->[com.google.mlkit:common:18.11.0] AndroidManifest.xml:20:13-22:85
217                android:name="com.google.firebase.components:com.google.mlkit.common.internal.CommonComponentRegistrar"
217-->[com.google.mlkit:common:18.11.0] AndroidManifest.xml:21:17-120
218                android:value="com.google.firebase.components.ComponentRegistrar" />
218-->[com.google.mlkit:common:18.11.0] AndroidManifest.xml:22:17-82
219        </service>
220
221        <provider
221-->[com.google.mlkit:common:18.11.0] AndroidManifest.xml:9:9-13:38
222            android:name="com.google.mlkit.common.internal.MlKitInitProvider"
222-->[com.google.mlkit:common:18.11.0] AndroidManifest.xml:10:13-78
223            android:authorities="com.example.myapplication2222.mlkitinitprovider"
223-->[com.google.mlkit:common:18.11.0] AndroidManifest.xml:11:13-69
224            android:exported="false"
224-->[com.google.mlkit:common:18.11.0] AndroidManifest.xml:12:13-37
225            android:initOrder="99" />
225-->[com.google.mlkit:common:18.11.0] AndroidManifest.xml:13:13-35
226
227        <service
227-->[androidx.credentials:credentials-play-services-auth:1.2.0-rc01] AndroidManifest.xml:24:9-32:19
228            android:name="androidx.credentials.playservices.CredentialProviderMetadataHolder"
228-->[androidx.credentials:credentials-play-services-auth:1.2.0-rc01] AndroidManifest.xml:25:13-94
229            android:enabled="true"
229-->[androidx.credentials:credentials-play-services-auth:1.2.0-rc01] AndroidManifest.xml:26:13-35
230            android:exported="false" >
230-->[androidx.credentials:credentials-play-services-auth:1.2.0-rc01] AndroidManifest.xml:27:13-37
231            <meta-data
231-->[androidx.credentials:credentials-play-services-auth:1.2.0-rc01] AndroidManifest.xml:29:13-31:104
232                android:name="androidx.credentials.CREDENTIAL_PROVIDER_KEY"
232-->[androidx.credentials:credentials-play-services-auth:1.2.0-rc01] AndroidManifest.xml:30:17-76
233                android:value="androidx.credentials.playservices.CredentialProviderPlayServicesImpl" />
233-->[androidx.credentials:credentials-play-services-auth:1.2.0-rc01] AndroidManifest.xml:31:17-101
234        </service>
235
236        <activity
236-->[androidx.credentials:credentials-play-services-auth:1.2.0-rc01] AndroidManifest.xml:34:9-41:20
237            android:name="androidx.credentials.playservices.HiddenActivity"
237-->[androidx.credentials:credentials-play-services-auth:1.2.0-rc01] AndroidManifest.xml:35:13-76
238            android:configChanges="orientation|screenSize|screenLayout|keyboardHidden"
238-->[androidx.credentials:credentials-play-services-auth:1.2.0-rc01] AndroidManifest.xml:36:13-87
239            android:enabled="true"
239-->[androidx.credentials:credentials-play-services-auth:1.2.0-rc01] AndroidManifest.xml:37:13-35
240            android:exported="false"
240-->[androidx.credentials:credentials-play-services-auth:1.2.0-rc01] AndroidManifest.xml:38:13-37
241            android:fitsSystemWindows="true"
241-->[androidx.credentials:credentials-play-services-auth:1.2.0-rc01] AndroidManifest.xml:39:13-45
242            android:theme="@style/Theme.Hidden" >
242-->[androidx.credentials:credentials-play-services-auth:1.2.0-rc01] AndroidManifest.xml:40:13-48
243        </activity>
244        <activity
244-->[com.google.android.gms:play-services-auth:20.7.0] AndroidManifest.xml:23:9-27:75
245            android:name="com.google.android.gms.auth.api.signin.internal.SignInHubActivity"
245-->[com.google.android.gms:play-services-auth:20.7.0] AndroidManifest.xml:24:13-93
246            android:excludeFromRecents="true"
246-->[com.google.android.gms:play-services-auth:20.7.0] AndroidManifest.xml:25:13-46
247            android:exported="false"
247-->[com.google.android.gms:play-services-auth:20.7.0] AndroidManifest.xml:26:13-37
248            android:theme="@android:style/Theme.Translucent.NoTitleBar" />
248-->[com.google.android.gms:play-services-auth:20.7.0] AndroidManifest.xml:27:13-72
249        <!--
250            Service handling Google Sign-In user revocation. For apps that do not integrate with
251            Google Sign-In, this service will never be started.
252        -->
253        <service
253-->[com.google.android.gms:play-services-auth:20.7.0] AndroidManifest.xml:33:9-37:51
254            android:name="com.google.android.gms.auth.api.signin.RevocationBoundService"
254-->[com.google.android.gms:play-services-auth:20.7.0] AndroidManifest.xml:34:13-89
255            android:exported="true"
255-->[com.google.android.gms:play-services-auth:20.7.0] AndroidManifest.xml:35:13-36
256            android:permission="com.google.android.gms.auth.api.signin.permission.REVOCATION_NOTIFICATION"
256-->[com.google.android.gms:play-services-auth:20.7.0] AndroidManifest.xml:36:13-107